SF:lib\model\contacts.dart
DA:8,12
DA:17,10
DA:28,3
DA:37,3
DA:38,3
DA:39,3
DA:40,3
DA:41,3
DA:42,0
DA:43,3
DA:44,0
LF:11
LH:9
end_of_record
SF:lib\providers\contact_list_provider.dart
DA:10,7
DA:11,14
DA:18,3
DA:19,3
DA:20,12
DA:21,9
DA:22,3
DA:23,3
DA:24,3
DA:28,3
DA:29,3
DA:30,3
DA:31,3
DA:33,3
DA:35,0
DA:37,0
DA:38,0
DA:43,6
DA:44,6
DA:45,2
DA:48,4
DA:49,2
DA:50,1
DA:51,0
DA:52,0
DA:53,0
DA:56,1
DA:57,1
DA:59,1
DA:60,1
DA:61,2
DA:66,2
DA:67,4
DA:68,4
DA:69,2
DA:70,2
DA:71,2
DA:73,2
DA:75,0
DA:77,0
DA:78,0
DA:79,0
DA:80,0
DA:83,0
DA:84,0
DA:85,0
DA:90,1
DA:91,3
DA:92,2
DA:93,1
DA:96,1
DA:97,2
DA:98,2
DA:99,1
DA:100,1
DA:102,1
DA:104,0
DA:105,0
DA:106,0
DA:107,0
DA:111,0
DA:112,0
DA:113,0
DA:114,0
DA:117,0
DA:119,0
DA:121,0
DA:123,0
DA:124,0
DA:125,0
DA:130,7
DA:131,7
DA:132,12
DA:133,25
DA:137,14
DA:138,7
DA:139,2
DA:142,8
DA:143,4
DA:146,8
DA:147,2
LF:81
LH:53
end_of_record
SF:lib\providers\search_list_provider.dart
DA:6,12
DA:9,1
DA:10,1
DA:14,12
DA:15,11
DA:16,5
DA:19,24
DA:20,12
DA:21,12
DA:23,6
DA:25,4
DA:26,4
DA:27,4
DA:28,4
DA:29,2
LF:15
LH:15
end_of_record
SF:lib\model\number.dart
DA:14,18
LF:1
LH:1
end_of_record
SF:lib\services\add_contact.dart
DA:9,2
DA:11,4
DA:13,2
DA:15,3
DA:17,2
DA:18,2
DA:19,2
DA:20,2
DA:21,2
DA:23,2
DA:24,2
DA:25,2
DA:31,0
DA:35,3
DA:36,6
DA:37,3
DA:38,3
DA:39,6
DA:41,3
LF:19
LH:18
end_of_record
SF:lib\services\delete_contact.dart
DA:6,1
DA:8,3
DA:10,1
DA:12,2
DA:13,2
DA:16,0
LF:6
LH:5
end_of_record
SF:lib\services\fetch_contact.dart
DA:12,3
DA:15,3
DA:16,3
DA:18,5
DA:20,6
DA:21,2
DA:23,1
DA:27,2
DA:28,4
DA:29,0
DA:31,4
DA:32,2
DA:34,4
DA:36,4
DA:37,2
DA:38,2
DA:39,2
DA:40,8
DA:41,2
DA:43,2
DA:46,2
DA:50,4
DA:51,0
DA:54,2
DA:55,2
DA:56,2
DA:57,4
DA:58,4
DA:61,4
DA:62,4
LF:30
LH:28
end_of_record
SF:lib\services\update_contact.dart
DA:7,1
DA:9,2
DA:10,3
DA:13,1
DA:15,1
DA:16,1
DA:17,1
DA:18,1
DA:19,1
DA:21,1
DA:22,1
DA:23,1
DA:29,0
LF:13
LH:12
end_of_record
SF:lib\screen\contact_details.dart
DA:13,1
DA:17,1
DA:18,2
DA:19,1
DA:20,2
DA:25,1
DA:27,1
DA:28,4
DA:31,2
DA:32,6
DA:33,2
DA:38,2
DA:39,2
DA:40,5
DA:42,1
DA:43,1
DA:46,1
DA:47,1
DA:48,1
DA:55,1
DA:57,1
DA:58,1
DA:59,1
DA:60,1
DA:68,1
DA:69,1
DA:71,1
DA:74,1
DA:75,2
DA:77,1
DA:80,1
DA:82,4
DA:85,1
DA:86,2
DA:89,3
DA:91,1
DA:93,2
DA:96,1
DA:97,1
DA:98,1
DA:99,0
DA:100,0
DA:101,0
DA:102,0
DA:108,3
DA:109,1
DA:112,1
LF:47
LH:43
end_of_record
SF:lib\screen\edit_contact.dart
DA:18,2
DA:22,2
DA:24,2
DA:40,2
DA:42,2
DA:43,8
DA:44,10
DA:45,10
DA:46,8
DA:47,8
DA:48,2
DA:49,2
DA:51,8
DA:52,6
DA:53,8
DA:55,8
DA:56,2
DA:59,2
DA:61,4
DA:62,4
DA:63,2
DA:66,0
DA:67,0
DA:69,0
DA:70,0
DA:71,0
DA:72,0
DA:74,0
DA:75,0
DA:76,0
DA:79,1
DA:80,4
DA:81,2
DA:82,2
DA:83,1
DA:86,2
DA:87,1
DA:92,1
DA:93,2
DA:94,3
DA:95,2
DA:99,0
DA:100,0
DA:101,0
DA:105,1
DA:106,2
DA:107,2
DA:109,1
DA:112,0
DA:113,0
DA:114,0
DA:115,0
DA:116,0
DA:117,0
DA:118,0
DA:119,0
DA:120,0
DA:121,0
DA:125,0
DA:126,0
DA:133,1
DA:134,2
DA:135,4
DA:136,8
DA:139,1
DA:140,2
DA:141,3
DA:142,3
DA:143,4
DA:144,1
DA:148,2
DA:149,2
DA:150,8
DA:151,4
DA:153,2
DA:154,6
DA:155,4
DA:156,2
DA:157,2
DA:158,2
DA:161,2
DA:166,2
DA:168,2
DA:169,8
DA:170,2
DA:171,2
DA:172,2
DA:173,2
DA:176,2
DA:177,2
DA:178,2
DA:181,2
DA:182,2
DA:183,2
DA:184,0
DA:185,0
DA:188,2
DA:190,2
DA:191,2
DA:196,2
DA:198,2
DA:199,2
DA:203,2
DA:205,4
DA:207,2
DA:209,2
DA:210,2
DA:212,2
DA:213,2
DA:215,2
LF:110
LH:84
end_of_record
SF:lib\widgets\contact_details\action_icon.dart
DA:7,1
DA:14,0
DA:16,0
DA:17,0
DA:20,0
DA:21,0
DA:22,0
DA:23,0
DA:24,0
DA:25,0
DA:27,0
DA:29,0
DA:30,0
DA:32,0
DA:33,0
DA:35,0
DA:36,0
DA:37,0
DA:41,0
DA:43,0
DA:44,0
DA:46,0
DA:49,0
DA:57,1
DA:59,1
DA:61,1
DA:62,1
DA:65,0
DA:68,1
DA:71,0
DA:72,0
DA:76,1
DA:79,0
DA:82,1
DA:85,0
LF:35
LH:8
end_of_record
SF:lib\widgets\contact_details\notes_details.dart
DA:3,2
DA:7,1
DA:8,3
DA:9,1
DA:11,1
DA:13,1
DA:14,1
DA:16,1
DA:17,3
DA:19,1
DA:21,1
DA:23,1
DA:24,4
LF:13
LH:13
end_of_record
SF:lib\widgets\contact_details\phone_details.dart
DA:4,1
DA:5,1
DA:7,1
DA:8,1
DA:9,3
DA:10,1
DA:11,1
DA:16,1
DA:17,1
DA:20,1
DA:22,1
DA:23,1
DA:24,2
DA:26,4
DA:31,1
DA:32,1
DA:40,1
DA:42,1
DA:44,2
DA:45,2
DA:46,2
DA:47,1
LF:22
LH:22
end_of_record
SF:lib\widgets\contact_details\profile_avatar.dart
DA:4,2
DA:6,3
DA:7,1
DA:8,0
DA:10,1
DA:11,1
DA:12,3
DA:14,1
DA:15,3
LF:9
LH:8
end_of_record
SF:lib\widgets\create_contact\set_emergency_button.dart
DA:3,3
DA:8,3
DA:10,3
DA:14,3
DA:15,9
DA:16,3
DA:19,3
DA:23,3
LF:8
LH:8
end_of_record
SF:lib\widgets\create_contact\add_button.dart
DA:3,6
DA:6,3
DA:7,3
DA:8,3
LF:4
LH:4
end_of_record
SF:lib\widgets\create_contact\app_bar.dart
DA:5,3
DA:11,3
DA:14,3
DA:16,3
DA:25,3
DA:26,2
DA:27,2
DA:38,3
DA:39,3
DA:40,3
DA:41,3
DA:42,3
DA:43,3
DA:44,3
DA:46,12
LF:15
LH:15
end_of_record
SF:lib\widgets\create_contact\notes_field.dart
DA:3,3
DA:7,3
DA:9,9
DA:10,3
DA:12,3
DA:13,3
DA:15,3
DA:17,12
DA:21,3
DA:22,3
DA:23,12
LF:11
LH:11
end_of_record
SF:lib\widgets\create_contact\image_picker.dart
DA:7,3
DA:19,3
DA:20,3
DA:25,3
DA:27,9
DA:28,3
DA:31,0
DA:32,0
DA:40,0
DA:41,0
DA:44,0
DA:45,0
DA:48,3
DA:50,3
DA:51,3
DA:52,3
DA:54,9
DA:56,3
DA:58,3
DA:59,3
DA:60,3
DA:61,3
LF:22
LH:16
end_of_record
SF:lib\widgets\create_contact\input_text_field.dart
DA:3,3
DA:11,3
DA:12,3
DA:13,3
DA:15,3
DA:16,9
DA:18,3
DA:24,3
DA:25,12
DA:29,3
DA:33,3
DA:35,3
DA:42,9
DA:44,3
DA:45,12
LF:15
LH:15
end_of_record
SF:lib\widgets\create_contact\contact_number_input.dart
DA:5,3
DA:14,3
DA:16,3
DA:17,3
DA:18,12
DA:21,3
DA:23,3
DA:24,3
DA:25,3
DA:26,3
DA:27,9
DA:32,3
DA:33,3
DA:34,3
DA:36,3
DA:38,3
DA:39,9
DA:44,3
DA:46,9
DA:52,0
DA:54,0
DA:56,0
DA:57,0
DA:60,0
DA:63,0
DA:64,0
DA:68,0
DA:69,0
DA:70,0
DA:71,0
DA:73,0
DA:76,0
DA:82,3
DA:85,9
DA:86,3
DA:88,9
DA:92,3
DA:93,3
DA:96,3
DA:99,2
DA:100,4
DA:102,4
LF:42
LH:29
end_of_record
SF:lib\widgets\contact_details\icon_container.dart
DA:4,1
DA:17,1
DA:19,1
DA:20,1
DA:21,1
DA:25,1
DA:26,3
DA:27,1
DA:28,1
DA:30,1
DA:31,1
DA:32,1
DA:33,1
DA:35,4
DA:40,1
DA:41,1
DA:42,1
DA:43,1
DA:45,4
LF:19
LH:19
end_of_record
SF:lib\screen\tabs.dart
DA:7,5
DA:9,5
DA:10,5
DA:16,1
DA:17,2
DA:18,1
DA:22,5
DA:24,5
DA:25,5
DA:26,16
DA:27,5
DA:29,5
DA:30,5
LF:13
LH:13
end_of_record
SF:lib\screen\contact_list.dart
DA:14,5
DA:16,5
DA:18,5
DA:28,1
DA:29,1
DA:34,1
DA:38,5
DA:40,25
DA:41,5
DA:44,5
DA:46,15
DA:47,15
DA:48,25
DA:49,25
DA:51,10
DA:53,5
DA:55,5
DA:56,1
DA:58,1
DA:59,6
DA:60,1
DA:63,5
DA:64,5
DA:66,10
DA:70,5
DA:71,5
DA:72,5
DA:74,5
DA:75,1
DA:76,5
DA:78,1
DA:79,2
DA:80,5
DA:82,5
DA:84,4
DA:85,4
DA:86,0
DA:87,4
DA:89,4
DA:90,8
DA:91,4
DA:102,5
DA:103,1
DA:104,1
LF:44
LH:43
end_of_record
SF:lib\screen\create_contact.dart
DA:18,5
DA:20,1
DA:22,1
DA:41,1
DA:43,2
DA:44,2
DA:45,2
DA:46,1
DA:49,1
DA:50,1
DA:52,2
DA:53,2
DA:54,2
DA:56,1
DA:57,1
DA:58,2
DA:61,3
DA:64,1
DA:65,4
DA:66,2
DA:67,2
DA:68,1
DA:71,2
DA:72,1
DA:77,1
DA:78,2
DA:79,3
DA:80,2
DA:84,0
DA:85,0
DA:86,0
DA:90,1
DA:91,2
DA:92,2
DA:96,1
DA:97,1
DA:98,1
DA:99,6
DA:105,2
DA:107,4
DA:108,8
DA:109,16
DA:112,2
DA:113,4
DA:114,6
DA:115,6
DA:116,8
DA:117,2
DA:121,1
DA:122,1
DA:123,4
DA:124,2
DA:126,1
DA:127,3
DA:128,1
DA:129,1
DA:130,1
DA:131,2
DA:134,1
DA:139,1
DA:141,1
DA:142,4
DA:143,1
DA:144,1
DA:145,1
DA:146,1
DA:149,1
DA:150,1
DA:151,1
DA:152,1
DA:153,1
DA:156,1
DA:157,1
DA:158,1
DA:159,0
DA:160,0
DA:163,1
DA:165,1
DA:166,1
DA:170,1
DA:172,1
DA:173,1
DA:177,1
DA:179,2
DA:181,1
DA:183,1
DA:184,1
DA:186,1
DA:187,1
DA:189,1
LF:90
LH:85
end_of_record
SF:lib\widgets\contact_list\contact_item.dart
DA:9,4
DA:20,1
DA:21,2
DA:22,1
DA:23,3
DA:28,4
DA:30,8
DA:31,8
DA:32,20
DA:34,8
DA:35,8
DA:36,2
DA:37,12
DA:39,4
DA:42,4
DA:44,2
DA:45,4
DA:47,16
DA:49,4
DA:50,8
DA:51,16
DA:53,16
DA:55,4
DA:57,4
DA:59,4
DA:60,4
DA:61,2
DA:63,6
DA:64,4
DA:66,4
DA:73,4
DA:74,2
DA:76,6
DA:77,6
LF:34
LH:34
end_of_record
SF:lib\widgets\contact_list\error_fetching.dart
DA:3,2
DA:4,1
DA:5,1
DA:7,1
DA:8,1
DA:10,1
DA:11,3
LF:7
LH:7
end_of_record
SF:lib\widgets\contact_list\loading.dart
DA:3,2
DA:4,1
DA:5,1
DA:7,1
DA:8,4
LF:5
LH:5
end_of_record
SF:lib\widgets\contact_list\no_list_added.dart
DA:3,10
DA:4,5
DA:5,5
DA:7,5
DA:8,5
DA:11,15
DA:14,5
DA:16,5
DA:17,5
DA:18,5
DA:20,15
DA:28,5
DA:29,5
DA:30,5
DA:31,15
LF:15
LH:15
end_of_record
SF:lib\widgets\contact_list\no_search_result.dart
DA:4,1
DA:8,1
DA:10,1
DA:11,1
DA:12,1
DA:14,1
DA:15,1
DA:18,3
DA:21,1
DA:23,1
DA:24,2
DA:25,1
DA:27,3
DA:35,1
DA:37,1
DA:38,3
LF:16
LH:16
end_of_record
SF:lib\widgets\contact_list\search_contact.dart
DA:3,5
DA:9,5
DA:14,5
DA:15,5
DA:16,15
DA:19,5
DA:20,5
DA:21,5
DA:22,0
DA:23,5
DA:25,15
DA:28,5
DA:29,5
DA:33,5
DA:34,20
DA:36,5
DA:39,20
DA:47,10
DA:48,1
DA:50,1
DA:52,3
LF:21
LH:20
end_of_record
SF:lib\screen\emergency_list.dart
DA:13,1
DA:16,1
DA:18,2
DA:19,2
DA:20,4
DA:21,4
DA:23,2
DA:25,1
DA:27,1
DA:28,0
DA:30,0
DA:31,1
DA:32,0
DA:35,1
DA:36,1
DA:38,2
DA:41,2
DA:42,1
DA:44,1
DA:45,0
DA:46,0
DA:48,0
DA:49,0
DA:50,0
DA:52,1
DA:54,1
DA:55,1
DA:57,1
DA:58,2
DA:59,1
LF:30
LH:22
end_of_record
