SF:lib/screen/create_contact.dart
DA:18,17
DA:20,1
DA:22,1
DA:41,1
DA:43,2
DA:44,2
DA:45,2
DA:46,1
DA:49,1
DA:50,1
DA:52,2
DA:53,2
DA:54,2
DA:56,1
DA:57,1
DA:58,2
DA:61,3
DA:64,1
DA:65,4
DA:66,2
DA:67,2
DA:68,1
DA:71,2
DA:72,1
DA:77,1
DA:78,2
DA:79,3
DA:80,2
DA:84,1
DA:85,2
DA:86,2
DA:90,1
DA:91,2
DA:92,2
DA:96,1
DA:97,1
DA:98,1
DA:99,6
DA:105,2
DA:107,4
DA:108,8
DA:109,16
DA:112,2
DA:113,4
DA:114,6
DA:115,6
DA:116,8
DA:117,2
DA:121,1
DA:122,1
DA:123,4
DA:124,2
DA:126,1
DA:127,3
DA:128,1
DA:129,1
DA:130,1
DA:131,2
DA:134,1
DA:139,1
DA:141,1
DA:142,4
DA:143,1
DA:144,1
DA:145,1
DA:146,1
DA:149,1
DA:150,1
DA:151,1
DA:152,1
DA:153,1
DA:156,1
DA:157,1
DA:158,1
DA:159,0
DA:160,0
DA:163,1
DA:165,1
DA:166,1
DA:170,1
DA:172,1
DA:173,1
DA:177,1
DA:179,2
DA:181,1
DA:183,1
DA:184,1
DA:186,1
DA:187,1
DA:189,1
LF:90
LH:88
end_of_record
SF:lib/model/number.dart
DA:14,22
LF:1
LH:1
end_of_record
SF:lib/model/contacts.dart
DA:8,16
DA:17,14
DA:28,5
DA:37,5
DA:38,5
DA:39,5
DA:40,5
DA:41,5
DA:42,1
DA:43,5
DA:44,0
LF:11
LH:10
end_of_record
SF:lib/providers/contact_list_provider.dart
DA:10,12
DA:11,24
DA:18,4
DA:20,4
DA:21,15
DA:22,9
DA:23,3
DA:24,3
DA:25,3
DA:29,4
DA:30,4
DA:31,4
DA:32,4
DA:34,4
DA:36,0
DA:37,1
DA:39,1
DA:40,2
DA:45,7
DA:46,7
DA:47,2
DA:50,2
DA:51,1
DA:52,2
DA:53,1
DA:54,2
DA:55,1
DA:56,1
DA:59,1
DA:60,1
DA:62,1
DA:63,1
DA:64,2
DA:69,3
DA:71,6
DA:72,6
DA:73,3
DA:74,3
DA:75,3
DA:77,3
DA:79,0
DA:80,1
DA:82,2
DA:83,2
DA:84,1
DA:85,0
DA:88,1
DA:89,1
DA:90,2
DA:95,2
DA:96,6
DA:97,4
DA:98,2
DA:101,1
DA:102,2
DA:103,2
DA:104,2
DA:105,1
DA:106,1
DA:108,1
DA:110,2
DA:111,1
DA:112,1
DA:116,2
DA:117,7
DA:118,3
DA:119,2
DA:122,2
DA:124,2
DA:126,0
DA:127,1
DA:129,2
DA:130,1
DA:131,1
DA:136,9
DA:137,9
DA:138,13
DA:139,20
DA:143,16
DA:144,8
DA:145,4
DA:148,12
DA:149,6
DA:152,12
DA:153,3
LF:85
LH:81
end_of_record
SF:lib/providers/search_list_provider.dart
DA:6,14
DA:9,1
DA:10,1
DA:14,14
DA:15,13
DA:16,6
DA:19,28
DA:20,14
DA:21,14
DA:23,7
DA:25,4
DA:26,4
DA:27,4
DA:28,4
DA:29,2
LF:15
LH:15
end_of_record
SF:lib/services/add_contact.dart
DA:9,3
DA:12,2
DA:14,4
DA:16,2
DA:17,3
DA:19,2
DA:20,2
DA:21,2
DA:22,2
DA:23,2
DA:25,2
DA:26,2
DA:27,2
DA:34,3
DA:35,6
DA:36,3
DA:37,3
DA:38,6
DA:40,3
LF:19
LH:19
end_of_record
SF:lib/services/delete_contact.dart
DA:6,1
DA:8,1
DA:10,3
DA:11,1
DA:13,2
DA:14,2
LF:6
LH:6
end_of_record
SF:lib/services/fetch_contact.dart
DA:12,2
DA:15,2
DA:16,2
DA:18,3
DA:20,4
DA:21,1
DA:23,1
DA:27,1
DA:28,2
DA:29,0
DA:31,2
DA:32,1
DA:34,2
DA:36,2
DA:37,1
DA:38,1
DA:39,1
DA:40,4
DA:41,1
DA:43,1
DA:46,1
DA:50,2
DA:51,0
DA:54,1
DA:55,1
DA:56,1
DA:57,2
DA:58,2
DA:61,2
DA:62,2
LF:30
LH:28
end_of_record
SF:lib/services/update_contact.dart
DA:8,1
DA:10,1
DA:13,3
DA:14,3
DA:16,1
DA:18,1
DA:19,1
DA:20,1
DA:21,1
DA:22,1
DA:24,1
DA:25,1
DA:26,1
LF:13
LH:13
end_of_record
SF:lib/screen/contact_details.dart
DA:13,3
DA:17,2
DA:18,2
DA:19,6
DA:20,4
DA:21,2
DA:22,4
DA:27,3
DA:29,3
DA:30,12
DA:33,6
DA:34,13
DA:35,6
DA:40,6
DA:41,6
DA:42,15
DA:44,3
DA:45,3
DA:48,3
DA:49,1
DA:50,1
DA:57,3
DA:59,3
DA:60,3
DA:61,2
DA:62,2
DA:70,3
DA:71,3
DA:73,3
DA:76,3
DA:77,6
DA:79,3
DA:82,3
DA:84,12
DA:87,3
DA:88,6
DA:91,9
DA:93,3
DA:95,6
DA:98,3
DA:99,1
DA:100,1
DA:101,2
DA:102,2
DA:103,1
DA:104,1
DA:110,3
DA:111,1
DA:114,3
LF:49
LH:49
end_of_record
SF:lib/screen/edit_contact.dart
DA:18,2
DA:22,2
DA:24,2
DA:40,2
DA:42,2
DA:43,8
DA:44,10
DA:45,10
DA:46,8
DA:47,8
DA:48,2
DA:49,2
DA:51,8
DA:52,6
DA:53,8
DA:55,8
DA:56,2
DA:59,2
DA:61,4
DA:62,4
DA:63,2
DA:66,1
DA:67,1
DA:69,2
DA:70,3
DA:71,2
DA:72,2
DA:74,1
DA:75,1
DA:76,2
DA:79,1
DA:80,4
DA:81,2
DA:82,2
DA:83,1
DA:86,2
DA:87,1
DA:92,1
DA:93,2
DA:94,3
DA:95,2
DA:99,0
DA:100,0
DA:101,0
DA:105,1
DA:106,2
DA:107,2
DA:109,1
DA:112,1
DA:113,5
DA:114,1
DA:115,1
DA:116,6
DA:117,1
DA:118,3
DA:119,3
DA:120,1
DA:121,1
DA:125,3
DA:126,3
DA:133,1
DA:134,2
DA:135,4
DA:136,8
DA:139,1
DA:140,2
DA:141,3
DA:142,3
DA:143,4
DA:144,1
DA:148,2
DA:149,2
DA:150,8
DA:151,4
DA:153,2
DA:154,6
DA:155,4
DA:156,2
DA:157,2
DA:158,2
DA:161,2
DA:166,2
DA:168,2
DA:169,8
DA:170,2
DA:171,2
DA:172,2
DA:173,2
DA:176,2
DA:177,2
DA:178,2
DA:181,2
DA:182,2
DA:183,2
DA:184,0
DA:185,0
DA:188,2
DA:190,2
DA:191,2
DA:196,2
DA:198,2
DA:199,2
DA:203,2
DA:205,4
DA:207,2
DA:209,2
DA:210,2
DA:212,2
DA:213,2
DA:215,2
LF:110
LH:105
end_of_record
SF:lib/widgets/contact_details/action_icon.dart
DA:7,3
DA:14,1
DA:16,1
DA:17,0
DA:20,1
DA:21,3
DA:22,3
DA:23,1
DA:24,3
DA:25,1
DA:27,2
DA:29,2
DA:30,1
DA:32,3
DA:33,1
DA:35,1
DA:36,1
DA:37,2
DA:41,1
DA:43,2
DA:44,2
DA:46,5
DA:49,1
DA:57,3
DA:59,3
DA:61,3
DA:62,3
DA:65,1
DA:68,3
DA:71,1
DA:72,1
DA:76,3
DA:79,1
DA:82,3
DA:85,1
LF:35
LH:34
end_of_record
SF:lib/widgets/contact_details/notes_details.dart
DA:3,6
DA:7,3
DA:8,9
DA:9,3
DA:11,3
DA:13,3
DA:14,3
DA:16,3
DA:17,9
DA:19,3
DA:21,3
DA:23,3
DA:24,12
LF:13
LH:13
end_of_record
SF:lib/widgets/contact_details/phone_details.dart
DA:4,3
DA:5,3
DA:7,3
DA:8,3
DA:9,9
DA:10,3
DA:11,3
DA:16,3
DA:17,3
DA:20,3
DA:22,3
DA:23,3
DA:24,6
DA:26,12
DA:31,3
DA:32,3
DA:40,3
DA:42,3
DA:44,6
DA:45,6
DA:46,6
DA:47,2
LF:22
LH:22
end_of_record
SF:lib/widgets/contact_details/profile_avatar.dart
DA:4,6
DA:7,9
DA:8,3
DA:9,6
DA:11,3
DA:12,3
DA:13,6
DA:15,3
DA:16,9
LF:9
LH:9
end_of_record
SF:lib/widgets/create_contact/set_emergency_button.dart
DA:3,4
DA:8,4
DA:10,4
DA:14,4
DA:15,12
DA:16,4
DA:19,4
DA:23,4
LF:8
LH:8
end_of_record
SF:lib/screen/contact_list.dart
DA:14,6
DA:16,6
DA:18,6
DA:28,1
DA:29,1
DA:34,1
DA:38,6
DA:40,30
DA:41,6
DA:44,6
DA:46,18
DA:47,18
DA:48,30
DA:49,30
DA:51,12
DA:53,6
DA:55,6
DA:56,2
DA:58,2
DA:59,7
DA:60,1
DA:63,6
DA:64,6
DA:66,12
DA:70,6
DA:71,6
DA:72,6
DA:74,6
DA:75,1
DA:76,5
DA:78,1
DA:79,2
DA:80,5
DA:82,6
DA:84,5
DA:85,5
DA:86,0
DA:87,5
DA:89,5
DA:90,10
DA:91,5
DA:101,6
DA:102,6
DA:103,1
DA:104,1
LF:45
LH:44
end_of_record
SF:lib/widgets/contact_list/contact_item.dart
DA:9,5
DA:20,2
DA:21,4
DA:22,2
DA:23,6
DA:28,5
DA:30,10
DA:31,10
DA:32,25
DA:34,10
DA:35,10
DA:36,4
DA:37,15
DA:39,5
DA:42,5
DA:44,4
DA:45,5
DA:47,20
DA:49,5
DA:50,10
DA:51,20
DA:53,20
DA:55,5
DA:57,5
DA:59,5
DA:60,5
DA:61,2
DA:63,6
DA:64,4
DA:66,5
DA:73,5
DA:74,2
DA:76,6
DA:77,4
LF:34
LH:34
end_of_record
SF:lib/widgets/contact_list/error_fetching.dart
DA:3,4
DA:4,2
DA:5,2
DA:7,2
DA:8,2
DA:10,2
DA:11,6
LF:7
LH:7
end_of_record
SF:lib/widgets/contact_list/loading.dart
DA:3,4
DA:4,2
DA:5,2
DA:7,2
DA:8,8
LF:5
LH:5
end_of_record
SF:lib/widgets/contact_list/no_list_added.dart
DA:3,12
DA:4,6
DA:5,6
DA:7,6
DA:8,6
DA:11,18
DA:14,6
DA:16,6
DA:17,6
DA:18,6
DA:20,18
DA:28,6
DA:29,6
DA:30,6
DA:31,18
LF:15
LH:15
end_of_record
SF:lib/widgets/contact_list/no_search_result.dart
DA:4,1
DA:8,1
DA:10,1
DA:11,1
DA:12,1
DA:14,1
DA:15,1
DA:18,3
DA:21,1
DA:23,1
DA:24,2
DA:25,1
DA:27,3
DA:35,1
DA:37,1
DA:38,3
LF:16
LH:16
end_of_record
SF:lib/widgets/contact_list/search_contact.dart
DA:3,6
DA:9,6
DA:13,6
DA:14,6
DA:15,18
DA:17,6
DA:18,6
DA:19,6
DA:21,6
DA:23,18
DA:26,6
DA:27,6
DA:31,6
DA:32,24
DA:34,6
DA:37,24
DA:45,12
DA:46,1
DA:48,1
DA:50,3
LF:20
LH:20
end_of_record
SF:lib/widgets/create_contact/add_button.dart
DA:3,6
DA:6,3
DA:7,3
DA:8,3
LF:4
LH:4
end_of_record
SF:lib/widgets/create_contact/app_bar.dart
DA:5,3
DA:11,3
DA:14,3
DA:16,3
DA:25,3
DA:26,2
DA:27,2
DA:38,3
DA:39,3
DA:40,3
DA:41,3
DA:42,3
DA:43,3
DA:44,3
DA:46,12
LF:15
LH:15
end_of_record
SF:lib/widgets/create_contact/notes_field.dart
DA:3,3
DA:7,3
DA:9,9
DA:10,3
DA:12,3
DA:13,3
DA:15,3
DA:17,12
DA:21,3
DA:22,3
DA:23,12
LF:11
LH:11
end_of_record
SF:lib/widgets/create_contact/image_picker.dart
DA:7,3
DA:19,3
DA:20,3
DA:25,3
DA:27,9
DA:28,3
DA:31,1
DA:32,2
DA:40,0
DA:41,0
DA:44,0
DA:45,0
DA:48,3
DA:50,3
DA:51,3
DA:52,3
DA:54,9
DA:56,5
DA:58,3
DA:59,3
DA:60,3
DA:61,3
LF:22
LH:18
end_of_record
SF:lib/widgets/create_contact/input_text_field.dart
DA:3,3
DA:11,3
DA:12,3
DA:13,3
DA:15,3
DA:16,9
DA:18,3
DA:24,3
DA:25,12
DA:29,3
DA:33,3
DA:35,3
DA:42,9
DA:44,3
DA:45,12
LF:15
LH:15
end_of_record
SF:lib/widgets/create_contact/contact_number_input.dart
DA:5,3
DA:14,3
DA:16,3
DA:17,3
DA:18,12
DA:21,3
DA:23,3
DA:24,3
DA:25,3
DA:26,3
DA:27,3
DA:28,9
DA:33,3
DA:34,3
DA:35,3
DA:37,3
DA:39,3
DA:40,9
DA:45,3
DA:47,9
DA:53,2
DA:55,2
DA:57,2
DA:58,1
DA:61,1
DA:64,1
DA:65,2
DA:69,1
DA:70,1
DA:71,1
DA:72,2
DA:74,2
DA:77,1
DA:83,3
DA:86,9
DA:87,3
DA:89,9
DA:93,3
DA:94,3
DA:97,3
DA:100,2
DA:101,4
DA:103,4
LF:43
LH:43
end_of_record
SF:lib/screen/emergency_list.dart
DA:13,2
DA:16,2
DA:18,4
DA:19,4
DA:20,8
DA:21,8
DA:23,4
DA:25,2
DA:27,2
DA:28,1
DA:30,1
DA:31,4
DA:32,1
DA:35,2
DA:36,2
DA:38,4
DA:41,4
DA:42,2
DA:44,2
DA:45,1
DA:46,4
DA:48,1
DA:49,2
DA:50,4
DA:52,2
DA:54,2
DA:55,2
DA:57,2
DA:58,4
DA:59,2
LF:30
LH:30
end_of_record
SF:lib/screen/tabs.dart
DA:7,6
DA:9,6
DA:10,6
DA:16,2
DA:17,4
DA:18,2
DA:22,6
DA:24,6
DA:25,6
DA:26,20
DA:27,6
DA:29,6
DA:30,6
LF:13
LH:13
end_of_record
SF:lib/widgets/contact_details/icon_container.dart
DA:4,3
DA:17,3
DA:19,3
DA:20,3
DA:21,3
DA:25,3
DA:26,9
DA:27,3
DA:28,3
DA:30,3
DA:31,3
DA:32,3
DA:33,3
DA:35,12
DA:40,3
DA:41,3
DA:42,3
DA:43,3
DA:45,12
LF:19
LH:19
end_of_record
